\BOOKMARK [1][-]{section.1}{\376\377\000P\000A\000R\000T\000I\000E\000S\000\040\000A\000N\000D\000\040\000P\000R\000O\000P\000E\000R\000T\000Y\000.}{}% 1
\BOOKMARK [1][-]{section.2}{\376\377\000T\000E\000R\000M\000S\000.}{}% 2
\BOOKMARK [1][-]{section.3}{\376\377\000A\000D\000D\000I\000T\000I\000O\000N\000A\000L\000\040\000R\000E\000N\000T\000.}{}% 3
\BOOKMARK [1][-]{section.4}{\376\377\000S\000E\000C\000U\000R\000I\000T\000Y\000\040\000D\000E\000P\000O\000S\000I\000T\000.}{}% 4
\BOOKMARK [1][-]{section.5}{\376\377\000R\000E\000T\000U\000R\000N\000E\000D\000\040\000C\000H\000E\000C\000K\000.}{}% 5
\BOOKMARK [1][-]{section.6}{\376\377\000U\000S\000E\000\040\000O\000F\000\040\000P\000R\000O\000P\000E\000R\000T\000Y\000.}{}% 6
\BOOKMARK [1][-]{section.7}{\376\377\000G\000O\000V\000E\000R\000N\000M\000E\000N\000T\000A\000L\000\040\000I\000N\000S\000P\000E\000C\000T\000I\000O\000N\000S\000\040\000A\000N\000D\000\040\000O\000C\000C\000U\000P\000A\000N\000C\000Y\000\040\000P\000E\000R\000M\000I\000T\000.}{}% 7
\BOOKMARK [1][-]{section.8}{\376\377\000P\000O\000S\000S\000E\000S\000S\000I\000O\000N\000.}{}% 8
\BOOKMARK [1][-]{section.9}{\376\377\000I\000L\000L\000E\000G\000A\000L\000\040\000D\000R\000U\000G\000\040\000W\000A\000R\000N\000I\000N\000G\000.}{}% 9
\BOOKMARK [1][-]{section.10}{\376\377\000A\000C\000C\000E\000S\000S\000\040\000B\000Y\000\040\000L\000A\000N\000D\000L\000O\000R\000D\000.}{}% 10
\BOOKMARK [1][-]{section.11}{\376\377\000R\000E\000S\000P\000O\000N\000S\000I\000B\000I\000L\000I\000T\000I\000E\000S\000\040\000O\000F\000\040\000L\000A\000N\000D\000L\000O\000R\000D\000.}{}% 11
\BOOKMARK [1][-]{section.12}{\376\377\000L\000I\000A\000B\000I\000L\000I\000T\000Y\000\040\000A\000N\000D\000\040\000I\000N\000D\000E\000M\000N\000I\000T\000Y\000.}{}% 12
\BOOKMARK [1][-]{section.13}{\376\377\000M\000U\000L\000T\000I\000P\000L\000E\000\040\000T\000E\000N\000A\000N\000T\000S\000.}{}% 13
\BOOKMARK [1][-]{section.14}{\376\377\000R\000E\000S\000P\000O\000N\000S\000I\000B\000I\000L\000I\000T\000I\000E\000S\000\040\000O\000F\000\040\000T\000E\000N\000A\000N\000T\000.}{}% 14
\BOOKMARK [1][-]{section.15}{\376\377\000H\000O\000L\000D\000O\000V\000E\000R\000.}{}% 15
\BOOKMARK [1][-]{section.16}{\376\377\000D\000E\000S\000T\000R\000U\000C\000T\000I\000O\000N\000\040\000O\000F\000\040\000P\000R\000O\000P\000E\000R\000T\000Y\000.}{}% 16
\BOOKMARK [1][-]{section.17}{\376\377\000C\000O\000N\000D\000E\000M\000N\000A\000T\000I\000O\000N\000.}{}% 17
\BOOKMARK [1][-]{section.18}{\376\377\000D\000E\000F\000A\000U\000L\000T\000\040\000B\000Y\000\040\000T\000E\000N\000A\000N\000T\000.}{}% 18
\BOOKMARK [1][-]{section.19}{\376\377\000A\000B\000A\000N\000D\000O\000N\000M\000E\000N\000T\000.}{}% 19
\BOOKMARK [1][-]{section.20}{\376\377\000I\000N\000S\000P\000E\000C\000T\000I\000O\000N\000\040\000O\000F\000\040\000P\000R\000O\000P\000E\000R\000T\000Y\000.}{}% 20
\BOOKMARK [1][-]{section.21}{\376\377\000S\000P\000E\000C\000I\000A\000L\000\040\000A\000G\000R\000E\000E\000M\000E\000N\000T\000S\000.}{}% 21
