This is pdfTeX, Version 3.141592653-2.6-1.40.25 (TeX Live 2023/Debian) (preloaded format=pdflatex 2026.2.24)  26 FEB 2026 15:32
entering extended mode
 restricted \write18 enabled.
 file:line:error style messages enabled.
 %&-line parsing enabled.
**/home/saeed-mirshekari/gitProjects/latex-to-pdf/latex_templates/lease.tex
(/home/saeed-mirshekari/gitProjects/latex-to-pdf/latex_templates/lease.tex
LaTeX2e <2023-11-01> patch level 1
L3 programming layer <2024-01-22>
(/usr/share/texlive/texmf-dist/tex/latex/base/article.cls
Document Class: article 2023/05/17 v1.4n Standard LaTeX document class
(/usr/share/texlive/texmf-dist/tex/latex/base/size10.clo
File: size10.clo 2023/05/17 v1.4n Standard LaTeX file (size option)
)
\c@part=\count187
\c@section=\count188
\c@subsection=\count189
\c@subsubsection=\count190
\c@paragraph=\count191
\c@subparagraph=\count192
\c@figure=\count193
\c@table=\count194
\abovecaptionskip=\skip48
\belowcaptionskip=\skip49
\bibindent=\dimen140
) (/usr/share/texlive/texmf-dist/tex/latex/geometry/geometry.sty
Package: geometry 2020/01/02 v5.9 Page Geometry
 (/usr/share/texlive/texmf-dist/tex/latex/graphics/keyval.sty
Package: keyval 2022/05/29 v1.15 key=value parser (DPC)
\KV@toks@=\toks17
) (/usr/share/texlive/texmf-dist/tex/generic/iftex/ifvtex.sty
Package: ifvtex 2019/10/25 v1.7 ifvtex legacy package. Use iftex instead.
 (/usr/share/texlive/texmf-dist/tex/generic/iftex/iftex.sty
Package: iftex 2022/02/03 v1.0f TeX engine tests
))
\Gm@cnth=\count195
\Gm@cntv=\count196
\c@Gm@tempcnt=\count197
\Gm@bindingoffset=\dimen141
\Gm@wd@mp=\dimen142
\Gm@odd@mp=\dimen143
\Gm@even@mp=\dimen144
\Gm@layoutwidth=\dimen145
\Gm@layoutheight=\dimen146
\Gm@layouthoffset=\dimen147
\Gm@layoutvoffset=\dimen148
\Gm@dimlist=\toks18
) (/usr/share/texlive/texmf-dist/tex/latex/xcolor/xcolor.sty
Package: xcolor 2023/11/15 v3.01 LaTeX color extensions (UK)
 (/usr/share/texlive/texmf-dist/tex/latex/graphics-cfg/color.cfg
File: color.cfg 2016/01/02 v1.6 sample color configuration
)
Package xcolor Info: Driver file: pdftex.def on input line 274.
 (/usr/share/texlive/texmf-dist/tex/latex/graphics-def/pdftex.def
File: pdftex.def 2022/09/22 v1.2b Graphics/color driver for pdftex
) (/usr/share/texlive/texmf-dist/tex/latex/graphics/mathcolor.ltx)
Package xcolor Info: Model `cmy' substituted by `cmy0' on input line 1350.
Package xcolor Info: Model `hsb' substituted by `rgb' on input line 1354.
Package xcolor Info: Model `RGB' extended on input line 1366.
Package xcolor Info: Model `HTML' substituted by `rgb' on input line 1368.
Package xcolor Info: Model `Hsb' substituted by `hsb' on input line 1369.
Package xcolor Info: Model `tHsb' substituted by `hsb' on input line 1370.
Package xcolor Info: Model `HSB' substituted by `hsb' on input line 1371.
Package xcolor Info: Model `Gray' substituted by `gray' on input line 1372.
Package xcolor Info: Model `wave' substituted by `hsb' on input line 1373.
) (/usr/share/texlive/texmf-dist/tex/latex/fancyhdr/fancyhdr.sty
Package: fancyhdr 2022/11/09 v4.1 Extensive control of page headers and footers
\f@nch@headwidth=\skip50
\f@nch@O@elh=\skip51
\f@nch@O@erh=\skip52
\f@nch@O@olh=\skip53
\f@nch@O@orh=\skip54
\f@nch@O@elf=\skip55
\f@nch@O@erf=\skip56
\f@nch@O@olf=\skip57
\f@nch@O@orf=\skip58
) (/usr/share/texlive/texmf-dist/tex/latex/setspace/setspace.sty
Package: setspace 2022/12/04 v6.7b set line spacing
) (/usr/share/texlive/texmf-dist/tex/latex/lineno/lineno.sty
Package: lineno 2023/05/20 line numbers on paragraphs v5.3
 (/usr/share/texlive/texmf-dist/tex/latex/etoolbox/etoolbox.sty
Package: etoolbox 2020/10/05 v2.5k e-TeX tools for LaTeX (JAW)
\etb@tempcnta=\count198
) (/usr/share/texlive/texmf-dist/tex/latex/kvoptions/kvoptions.sty
Package: kvoptions 2022-06-15 v3.15 Key value format for package options (HO)
 (/usr/share/texlive/texmf-dist/tex/generic/ltxcmds/ltxcmds.sty
Package: ltxcmds 2023-12-04 v1.26 LaTeX kernel commands for general use (HO)
) (/usr/share/texlive/texmf-dist/tex/latex/kvsetkeys/kvsetkeys.sty
Package: kvsetkeys 2022-10-05 v1.19 Key value parser (HO)
))
\linenopenalty=\count199
\output=\toks19
\linenoprevgraf=\count266
\linenumbersep=\dimen149
\linenumberwidth=\dimen150
\c@linenumber=\count267
\c@pagewiselinenumber=\count268
\c@LN@truepage=\count269
\c@internallinenumber=\count270
\c@internallinenumbers=\count271
\quotelinenumbersep=\dimen151
\bframerule=\dimen152
\bframesep=\dimen153
\bframebox=\box51
LaTeX Info: Redefining \\ on input line 3180.
) (/usr/share/texlive/texmf-dist/tex/latex/graphics/graphicx.sty
Package: graphicx 2021/09/16 v1.2d Enhanced LaTeX Graphics (DPC,SPQR)
 (/usr/share/texlive/texmf-dist/tex/latex/graphics/graphics.sty
Package: graphics 2022/03/10 v1.4e Standard LaTeX Graphics (DPC,SPQR)
 (/usr/share/texlive/texmf-dist/tex/latex/graphics/trig.sty
Package: trig 2021/08/11 v1.11 sin cos tan (DPC)
) (/usr/share/texlive/texmf-dist/tex/latex/graphics-cfg/graphics.cfg
File: graphics.cfg 2016/06/04 v1.11 sample graphics configuration
)
Package graphics Info: Driver file: pdftex.def on input line 107.
)
\Gin@req@height=\dimen154
\Gin@req@width=\dimen155
) (/usr/share/texlive/texmf-dist/tex/latex/lastpage/lastpage.sty
Package: lastpage 2023/10/14 v2.0e lastpage: 2.09 or 2e? (HMM)
 (/usr/share/texlive/texmf-dist/tex/latex/lastpage/lastpage2e.sty
Package: lastpage2e 2023/10/14 v2.0e Decide which 2e lastpage version to use (HMM)
 (/usr/share/texlive/texmf-dist/tex/latex/lastpage/lastpagemodern.sty
Package: lastpagemodern 2023-10-14 v2.0e Refers to last page's name (HMM; JPG)
\c@lastpagecount=\count272
) 
)) (/usr/share/texlive/texmf-dist/tex/latex/titlesec/titlesec.sty
Package: titlesec 2023/10/27 v2.16 Sectioning titles
\ttl@box=\box52
\beforetitleunit=\skip59
\aftertitleunit=\skip60
\ttl@plus=\dimen156
\ttl@minus=\dimen157
\ttl@toksa=\toks20
\titlewidth=\dimen158
\titlewidthlast=\dimen159
\titlewidthfirst=\dimen160
) (/usr/share/texlive/texmf-dist/tex/latex/hyperref/hyperref.sty
Package: hyperref 2024-01-20 v7.01h Hypertext links for LaTeX
 (/usr/share/texlive/texmf-dist/tex/generic/kvdefinekeys/kvdefinekeys.sty
Package: kvdefinekeys 2019-12-19 v1.6 Define keys (HO)
) (/usr/share/texlive/texmf-dist/tex/generic/pdfescape/pdfescape.sty
Package: pdfescape 2019/12/09 v1.15 Implements pdfTeX's escape features (HO)
 (/usr/share/texlive/texmf-dist/tex/generic/pdftexcmds/pdftexcmds.sty
Package: pdftexcmds 2020-06-27 v0.33 Utility functions of pdfTeX for LuaTeX (HO)
 (/usr/share/texlive/texmf-dist/tex/generic/infwarerr/infwarerr.sty
Package: infwarerr 2019/12/03 v1.5 Providing info/warning/error messages (HO)
)
Package pdftexcmds Info: \pdf@primitive is available.
Package pdftexcmds Info: \pdf@ifprimitive is available.
Package pdftexcmds Info: \pdfdraftmode found.
)) (/usr/share/texlive/texmf-dist/tex/latex/hycolor/hycolor.sty
Package: hycolor 2020-01-27 v1.10 Color options for hyperref/bookmark (HO)
) (/usr/share/texlive/texmf-dist/tex/latex/auxhook/auxhook.sty
Package: auxhook 2019-12-17 v1.6 Hooks for auxiliary files (HO)
) (/usr/share/texlive/texmf-dist/tex/latex/hyperref/nameref.sty
Package: nameref 2023-11-26 v2.56 Cross-referencing by name of section
 (/usr/share/texlive/texmf-dist/tex/latex/refcount/refcount.sty
Package: refcount 2019/12/15 v3.6 Data extraction from label references (HO)
) (/usr/share/texlive/texmf-dist/tex/generic/gettitlestring/gettitlestring.sty
Package: gettitlestring 2019/12/15 v1.6 Cleanup title references (HO)
)
\c@section@level=\count273
)
\@linkdim=\dimen161
\Hy@linkcounter=\count274
\Hy@pagecounter=\count275
 (/usr/share/texlive/texmf-dist/tex/latex/hyperref/pd1enc.def
File: pd1enc.def 2024-01-20 v7.01h Hyperref: PDFDocEncoding definition (HO)
Now handling font encoding PD1 ...
... no UTF-8 mapping file for font encoding PD1
) (/usr/share/texlive/texmf-dist/tex/generic/intcalc/intcalc.sty
Package: intcalc 2019/12/15 v1.3 Expandable calculations with integers (HO)
)
\Hy@SavedSpaceFactor=\count276
 (/usr/share/texlive/texmf-dist/tex/latex/hyperref/puenc.def
File: puenc.def 2024-01-20 v7.01h Hyperref: PDF Unicode definition (HO)
Now handling font encoding PU ...
... no UTF-8 mapping file for font encoding PU
)
Package hyperref Info: Hyper figures OFF on input line 4179.
Package hyperref Info: Link nesting OFF on input line 4184.
Package hyperref Info: Hyper index ON on input line 4187.
Package hyperref Info: Plain pages OFF on input line 4194.
Package hyperref Info: Backreferencing OFF on input line 4199.
Package hyperref Info: Implicit mode ON; LaTeX internals redefined.
Package hyperref Info: Bookmarks ON on input line 4446.
\c@Hy@tempcnt=\count277
 (/usr/share/texlive/texmf-dist/tex/latex/url/url.sty
\Urlmuskip=\muskip16
Package: url 2013/09/16  ver 3.4  Verb mode for urls, etc.
)
LaTeX Info: Redefining \url on input line 4784.
\XeTeXLinkMargin=\dimen162
 (/usr/share/texlive/texmf-dist/tex/generic/bitset/bitset.sty
Package: bitset 2019/12/09 v1.3 Handle bit-vector datatype (HO)
 (/usr/share/texlive/texmf-dist/tex/generic/bigintcalc/bigintcalc.sty
Package: bigintcalc 2019/12/15 v1.5 Expandable calculations on big integers (HO)
))
\Fld@menulength=\count278
\Field@Width=\dimen163
\Fld@charsize=\dimen164
Package hyperref Info: Hyper figures OFF on input line 6063.
Package hyperref Info: Link nesting OFF on input line 6068.
Package hyperref Info: Hyper index ON on input line 6071.
Package hyperref Info: backreferencing OFF on input line 6078.
Package hyperref Info: Link coloring OFF on input line 6083.
Package hyperref Info: Link coloring with OCG OFF on input line 6088.
Package hyperref Info: PDF/A mode OFF on input line 6093.
 (/usr/share/texlive/texmf-dist/tex/latex/base/atbegshi-ltx.sty
Package: atbegshi-ltx 2021/01/10 v1.0c Emulation of the original atbegshi
package with kernel methods
)
\Hy@abspage=\count279
\c@Item=\count280
\c@Hfootnote=\count281
)
Package hyperref Info: Driver (autodetected): hpdftex.
 (/usr/share/texlive/texmf-dist/tex/latex/hyperref/hpdftex.def
File: hpdftex.def 2024-01-20 v7.01h Hyperref driver for pdfTeX
 (/usr/share/texlive/texmf-dist/tex/latex/base/atveryend-ltx.sty
Package: atveryend-ltx 2020/08/19 v1.0a Emulation of the original atveryend package
with kernel methods
)
\Fld@listcount=\count282
\c@bookmark@seq@number=\count283
 (/usr/share/texlive/texmf-dist/tex/latex/rerunfilecheck/rerunfilecheck.sty
Package: rerunfilecheck 2022-07-10 v1.10 Rerun checks for auxiliary files (HO)
 (/usr/share/texlive/texmf-dist/tex/generic/uniquecounter/uniquecounter.sty
Package: uniquecounter 2019/12/15 v1.4 Provide unlimited unique counter (HO)
)
Package uniquecounter Info: New unique counter `rerunfilecheck' on input line 285.
)
\Hy@SectionHShift=\skip61
) (./newcommands.tex
\CommencementCount=\count284
\StartDateCount=\count285
\PreLeaseDuration=\count286
\c@FieldCounter1=\count287
\c@FieldCounter=\count288
) (/usr/share/texlive/texmf-dist/tex/latex/l3backend/l3backend-pdftex.def
File: l3backend-pdftex.def 2024-01-04 L3 backend support: PDF output (pdfTeX)
\l__color_backend_stack_int=\count289
\l__pdf_internal_box=\box53
)

LaTeX Warning: Unused global option(s):
    [9pt].

(%OUTDIR%/lease.aux)
\openout1 = `lease.aux'.

LaTeX Font Info:    Checking defaults for OML/cmm/m/it on input line 46.
LaTeX Font Info:    ... okay on input line 46.
LaTeX Font Info:    Checking defaults for OMS/cmsy/m/n on input line 46.
LaTeX Font Info:    ... okay on input line 46.
LaTeX Font Info:    Checking defaults for OT1/cmr/m/n on input line 46.
LaTeX Font Info:    ... okay on input line 46.
LaTeX Font Info:    Checking defaults for T1/cmr/m/n on input line 46.
LaTeX Font Info:    ... okay on input line 46.
LaTeX Font Info:    Checking defaults for TS1/cmr/m/n on input line 46.
LaTeX Font Info:    ... okay on input line 46.
LaTeX Font Info:    Checking defaults for OMX/cmex/m/n on input line 46.
LaTeX Font Info:    ... okay on input line 46.
LaTeX Font Info:    Checking defaults for U/cmr/m/n on input line 46.
LaTeX Font Info:    ... okay on input line 46.
LaTeX Font Info:    Checking defaults for PD1/pdf/m/n on input line 46.
LaTeX Font Info:    ... okay on input line 46.
LaTeX Font Info:    Checking defaults for PU/pdf/m/n on input line 46.
LaTeX Font Info:    ... okay on input line 46.

*geometry* driver: auto-detecting
*geometry* detected driver: pdftex
*geometry* verbose mode - [ preamble ] result:
* driver: pdftex
* paper: <default>
* layout: <same size as paper>
* layoutoffset:(h,v)=(0.0pt,0.0pt)
* modes: 
* h-part:(L,W,R)=(72.26999pt, 469.75502pt, 72.26999pt)
* v-part:(T,H,B)=(72.26999pt, 650.43001pt, 72.26999pt)
* \paperwidth=614.295pt
* \paperheight=794.96999pt
* \textwidth=469.75502pt
* \textheight=650.43001pt
* \oddsidemargin=0.0pt
* \evensidemargin=0.0pt
* \topmargin=-40.0pt
* \headheight=80.0pt
* \headsep=25.0pt
* \topskip=10.0pt
* \footskip=40.0pt
* \marginparwidth=65.0pt
* \marginparsep=11.0pt
* \columnsep=10.0pt
* \skip\footins=9.0pt plus 4.0pt minus 2.0pt
* \hoffset=0.0pt
* \voffset=0.0pt
* \mag=1000
* \@twocolumnfalse
* \@twosidefalse
* \@mparswitchfalse
* \@reversemarginfalse
* (1in=72.27pt=25.4mm, 1cm=28.453pt)

(/usr/share/texlive/texmf-dist/tex/context/base/mkii/supp-pdf.mkii
[Loading MPS to PDF converter (version 2006.09.02).]
\scratchcounter=\count290
\scratchdimen=\dimen165
\scratchbox=\box54
\nofMPsegments=\count291
\nofMParguments=\count292
\everyMPshowfont=\toks21
\MPscratchCnt=\count293
\MPscratchDim=\dimen166
\MPnumerator=\count294
\makeMPintoPDFobject=\count295
\everyMPtoPDFconversion=\toks22
) (/usr/share/texlive/texmf-dist/tex/latex/epstopdf-pkg/epstopdf-base.sty
Package: epstopdf-base 2020-01-24 v2.11 Base part for package epstopdf
Package epstopdf-base Info: Redefining graphics rule for `.eps' on input line 485.
 (/usr/share/texlive/texmf-dist/tex/latex/latexconfig/epstopdf-sys.cfg
File: epstopdf-sys.cfg 2010/07/13 v1.3 Configuration of (r)epstopdf for TeX Live
))
Package hyperref Info: Link coloring OFF on input line 46.
\@outlinefile=\write3
\openout3 = `lease.out'.

 (./header_oproperties.tex)
Underfull \hbox (badness 10000) in paragraph at lines 62--63

 []

/home/saeed-mirshekari/gitProjects/latex-to-pdf/latex_templates/lease.tex:65: Undefined control sequence.
\Rent ->\num 
             {1445.00}
l.65 ... to pay a total of \DateBox{\$\totallease}
                                                   USD to Landlord for renta...
The control sequence at the end of the top line
of your error message was never \def'ed. If you have
misspelled it (e.g., `\hobx'), type `I' and the correct
spelling (e.g., `I\hbox'). Otherwise just continue,
and I'll forget about whatever was undefined.

/home/saeed-mirshekari/gitProjects/latex-to-pdf/latex_templates/lease.tex:65: Undefined control sequence.
\Duration ->\num 
                 {12}
l.65 ... to pay a total of \DateBox{\$\totallease}
                                                   USD to Landlord for renta...
The control sequence at the end of the top line
of your error message was never \def'ed. If you have
misspelled it (e.g., `\hobx'), type `I' and the correct
spelling (e.g., `I\hbox'). Otherwise just continue,
and I'll forget about whatever was undefined.

/home/saeed-mirshekari/gitProjects/latex-to-pdf/latex_templates/lease.tex:65: Undefined control sequence.
\Rent ->\num 
             {1445.00}
l.65 ... to pay a total of \DateBox{\$\totallease}
                                                   USD to Landlord for renta...
The control sequence at the end of the top line
of your error message was never \def'ed. If you have
misspelled it (e.g., `\hobx'), type `I' and the correct
spelling (e.g., `I\hbox'). Otherwise just continue,
and I'll forget about whatever was undefined.

/home/saeed-mirshekari/gitProjects/latex-to-pdf/latex_templates/lease.tex:65: Undefined control sequence.
\Duration ->\num 
                 {12}
l.65 ... to pay a total of \DateBox{\$\totallease}
                                                   USD to Landlord for renta...
The control sequence at the end of the top line
of your error message was never \def'ed. If you have
misspelled it (e.g., `\hobx'), type `I' and the correct
spelling (e.g., `I\hbox'). Otherwise just continue,
and I'll forget about whatever was undefined.

/home/saeed-mirshekari/gitProjects/latex-to-pdf/latex_templates/lease.tex:65: Undefined control sequence.
\Duration ->\num 
                 {12}
l.65 ...d for rental period of \TinyBox{\Duration}
                                                   months beginning \DateBox...
The control sequence at the end of the top line
of your error message was never \def'ed. If you have
misspelled it (e.g., `\hobx'), type `I' and the correct
spelling (e.g., `I\hbox'). Otherwise just continue,
and I'll forget about whatever was undefined.

/home/saeed-mirshekari/gitProjects/latex-to-pdf/latex_templates/lease.tex:65: Undefined control sequence.
\Rent ->\num 
             {1445.00}
l.65 ... a monthly rental fee of \DateBox{\$\Rent}
                                                   in advance on the \DateBo...
The control sequence at the end of the top line
of your error message was never \def'ed. If you have
misspelled it (e.g., `\hobx'), type `I' and the correct
spelling (e.g., `I\hbox'). Otherwise just continue,
and I'll forget about whatever was undefined.

/home/saeed-mirshekari/gitProjects/latex-to-pdf/latex_templates/lease.tex:65: Undefined control sequence.
\Rent ->\num 
             {1445.00}
l.65 ... a monthly rental fee of \DateBox{\$\Rent}
                                                   in advance on the \DateBo...
The control sequence at the end of the top line
of your error message was never \def'ed. If you have
misspelled it (e.g., `\hobx'), type `I' and the correct
spelling (e.g., `I\hbox'). Otherwise just continue,
and I'll forget about whatever was undefined.

/home/saeed-mirshekari/gitProjects/latex-to-pdf/latex_templates/lease.tex:68: Undefined control sequence.
\latefee ->\num 
                {25.00}
l.68 ...ay additional rent of \DateBox{\$\latefee}
                                                   per day (each month up th...
The control sequence at the end of the top line
of your error message was never \def'ed. If you have
misspelled it (e.g., `\hobx'), type `I' and the correct
spelling (e.g., `I\hbox'). Otherwise just continue,
and I'll forget about whatever was undefined.

/home/saeed-mirshekari/gitProjects/latex-to-pdf/latex_templates/lease.tex:68: Undefined control sequence.
\latefee ->\num 
                {25.00}
l.68 ...ay additional rent of \DateBox{\$\latefee}
                                                   per day (each month up th...
The control sequence at the end of the top line
of your error message was never \def'ed. If you have
misspelled it (e.g., `\hobx'), type `I' and the correct
spelling (e.g., `I\hbox'). Otherwise just continue,
and I'll forget about whatever was undefined.

/home/saeed-mirshekari/gitProjects/latex-to-pdf/latex_templates/lease.tex:71: Undefined control sequence.
\SecurityDeposit ->\num 
                        {1445.00}
l.71 ...ty deposit of \DateBox{\$\SecurityDeposit}
                                                   payable upon execution of...
The control sequence at the end of the top line
of your error message was never \def'ed. If you have
misspelled it (e.g., `\hobx'), type `I' and the correct
spelling (e.g., `I\hbox'). Otherwise just continue,
and I'll forget about whatever was undefined.

/home/saeed-mirshekari/gitProjects/latex-to-pdf/latex_templates/lease.tex:71: Undefined control sequence.
\SecurityDeposit ->\num 
                        {1445.00}
l.71 ...ty deposit of \DateBox{\$\SecurityDeposit}
                                                   payable upon execution of...
The control sequence at the end of the top line
of your error message was never \def'ed. If you have
misspelled it (e.g., `\hobx'), type `I' and the correct
spelling (e.g., `I\hbox'). Otherwise just continue,
and I'll forget about whatever was undefined.


Overfull \hbox (11.09259pt too wide) in paragraph at lines 71--72
\OT1/cmr/m/n/10 The se-cu-rity de-posit of  [] payable upon ex-e-cu-tion of this lease, shall be held by  []
 []


Underfull \hbox (badness 10000) in paragraph at lines 71--72

 []

LaTeX Font Info:    External font `cmex10' loaded for size
(Font)              <7> on input line 72.
LaTeX Font Info:    External font `cmex10' loaded for size
(Font)              <5> on input line 72.
LaTeX Font Info:    External font `cmex10' loaded for size
(Font)              <8> on input line 72.
LaTeX Font Info:    External font `cmex10' loaded for size
(Font)              <6> on input line 72.
<logo.png, id=24, 401.5pt x 401.5pt>
File: logo.png Graphic file (type png)
<use logo.png>
Package pdftex.def Info: logo.png  used on input line 72.
(pdftex.def)             Requested size: 35.23018pt x 35.22673pt.

LaTeX Warning: Reference `LastPage' on page 1 undefined on input line 72.

[1{/var/lib/texmf/fonts/map/pdftex/updmap/pdftex.map}

 <./logo.png>]
/home/saeed-mirshekari/gitProjects/latex-to-pdf/latex_templates/lease.tex:76: Undefined control sequence.
\returnedcheckfee ->\num 
                         {35.00}
l.76 ...a change of \SmallBox{\$\returnedcheckfee}
                                                   as additional rent, for e...
The control sequence at the end of the top line
of your error message was never \def'ed. If you have
misspelled it (e.g., `\hobx'), type `I' and the correct
spelling (e.g., `I\hbox'). Otherwise just continue,
and I'll forget about whatever was undefined.

/home/saeed-mirshekari/gitProjects/latex-to-pdf/latex_templates/lease.tex:76: Undefined control sequence.
\returnedcheckfee ->\num 
                         {35.00}
l.76 ...a change of \SmallBox{\$\returnedcheckfee}
                                                   as additional rent, for e...
The control sequence at the end of the top line
of your error message was never \def'ed. If you have
misspelled it (e.g., `\hobx'), type `I' and the correct
spelling (e.g., `I\hbox'). Otherwise just continue,
and I'll forget about whatever was undefined.

File: logo.png Graphic file (type png)
<use logo.png>
Package pdftex.def Info: logo.png  used on input line 92.
(pdftex.def)             Requested size: 35.23018pt x 35.22673pt.

LaTeX Warning: Reference `LastPage' on page 2 undefined on input line 92.

[2]

LaTeX Warning: Reference `tenant_responsibilities' on page 3 undefined on input line 94.


LaTeX Warning: Reference `tenant_responsibilities' on page 3 undefined on input line 97.


LaTeX Warning: Reference `tenant_responsibilities' on page 3 undefined on input line 97.

/home/saeed-mirshekari/gitProjects/latex-to-pdf/latex_templates/lease.tex:106: Missing number, treated as zero.
<to be read again> 
                   \c@* 
l.106 	\begin{enumerate}[label=\roman*
                                      )]
A number should have been here; I inserted `0'.
(If you can't figure out why I needed to see a number,
look up `weird error' in the index to The TeXbook.)


/home/saeed-mirshekari/gitProjects/latex-to-pdf/latex_templates/lease.tex:107: LaTeX Error: Something's wrong--perhaps a missing \item.

See the LaTeX manual or LaTeX Companion for explanation.
Type  H <return>  for immediate help.
 ...                                              
                                                  
l.107 		\item P
               ay all utilities when due including, if applicable, electric,...
Try typing  <return>  to proceed.
If that doesn't work, type  X <return>  to quit.


/home/saeed-mirshekari/gitProjects/latex-to-pdf/latex_templates/lease.tex:107: LaTeX Error: Something's wrong--perhaps a missing \item.

See the LaTeX manual or LaTeX Companion for explanation.
Type  H <return>  for immediate help.
 ...                                              
                                                  
l.107 		\item P
               ay all utilities when due including, if applicable, electric,...
Try typing  <return>  to proceed.
If that doesn't work, type  X <return>  to quit.


/home/saeed-mirshekari/gitProjects/latex-to-pdf/latex_templates/lease.tex:107: LaTeX Error: Something's wrong--perhaps a missing \item.

See the LaTeX manual or LaTeX Companion for explanation.
Type  H <return>  for immediate help.
 ...                                              
                                                  
l.107 		\item P
               ay all utilities when due including, if applicable, electric,...
Try typing  <return>  to proceed.
If that doesn't work, type  X <return>  to quit.


/home/saeed-mirshekari/gitProjects/latex-to-pdf/latex_templates/lease.tex:108: LaTeX Error: Something's wrong--perhaps a missing \item.

See the LaTeX manual or LaTeX Companion for explanation.
Type  H <return>  for immediate help.
 ...                                              
                                                  
l.108 		\item O
               btain personal liability insurance and, if desired, personal ...
Try typing  <return>  to proceed.
If that doesn't work, type  X <return>  to quit.


/home/saeed-mirshekari/gitProjects/latex-to-pdf/latex_templates/lease.tex:108: LaTeX Error: Something's wrong--perhaps a missing \item.

See the LaTeX manual or LaTeX Companion for explanation.
Type  H <return>  for immediate help.
 ...                                              
                                                  
l.108 		\item O
               btain personal liability insurance and, if desired, personal ...
Try typing  <return>  to proceed.
If that doesn't work, type  X <return>  to quit.


/home/saeed-mirshekari/gitProjects/latex-to-pdf/latex_templates/lease.tex:108: LaTeX Error: Something's wrong--perhaps a missing \item.

See the LaTeX manual or LaTeX Companion for explanation.
Type  H <return>  for immediate help.
 ...                                              
                                                  
l.108 		\item O
               btain personal liability insurance and, if desired, personal ...
Try typing  <return>  to proceed.
If that doesn't work, type  X <return>  to quit.


/home/saeed-mirshekari/gitProjects/latex-to-pdf/latex_templates/lease.tex:109: LaTeX Error: Something's wrong--perhaps a missing \item.

See the LaTeX manual or LaTeX Companion for explanation.
Type  H <return>  for immediate help.
 ...                                              
                                                  
l.109 		\item I
               nspect smoke alarms and carbon monoxide detectors, bi-annuall...
Try typing  <return>  to proceed.
If that doesn't work, type  X <return>  to quit.


/home/saeed-mirshekari/gitProjects/latex-to-pdf/latex_templates/lease.tex:109: LaTeX Error: Something's wrong--perhaps a missing \item.

See the LaTeX manual or LaTeX Companion for explanation.
Type  H <return>  for immediate help.
 ...                                              
                                                  
l.109 		\item I
               nspect smoke alarms and carbon monoxide detectors, bi-annuall...
Try typing  <return>  to proceed.
If that doesn't work, type  X <return>  to quit.


/home/saeed-mirshekari/gitProjects/latex-to-pdf/latex_templates/lease.tex:109: LaTeX Error: Something's wrong--perhaps a missing \item.

See the LaTeX manual or LaTeX Companion for explanation.
Type  H <return>  for immediate help.
 ...                                              
                                                  
l.109 		\item I
               nspect smoke alarms and carbon monoxide detectors, bi-annuall...
Try typing  <return>  to proceed.
If that doesn't work, type  X <return>  to quit.


/home/saeed-mirshekari/gitProjects/latex-to-pdf/latex_templates/lease.tex:110: LaTeX Error: Something's wrong--perhaps a missing \item.

See the LaTeX manual or LaTeX Companion for explanation.
Type  H <return>  for immediate help.
 ...                                              
                                                  
l.110 		\item C
               hange furnace filter regularly (at least every three months) ...
Try typing  <return>  to proceed.
If that doesn't work, type  X <return>  to quit.


/home/saeed-mirshekari/gitProjects/latex-to-pdf/latex_templates/lease.tex:110: LaTeX Error: Something's wrong--perhaps a missing \item.

See the LaTeX manual or LaTeX Companion for explanation.
Type  H <return>  for immediate help.
 ...                                              
                                                  
l.110 		\item C
               hange furnace filter regularly (at least every three months) ...
Try typing  <return>  to proceed.
If that doesn't work, type  X <return>  to quit.


/home/saeed-mirshekari/gitProjects/latex-to-pdf/latex_templates/lease.tex:110: LaTeX Error: Something's wrong--perhaps a missing \item.

See the LaTeX manual or LaTeX Companion for explanation.
Type  H <return>  for immediate help.
 ...                                              
                                                  
l.110 		\item C
               hange furnace filter regularly (at least every three months) ...
Try typing  <return>  to proceed.
If that doesn't work, type  X <return>  to quit.


/home/saeed-mirshekari/gitProjects/latex-to-pdf/latex_templates/lease.tex:111: LaTeX Error: Something's wrong--perhaps a missing \item.

See the LaTeX manual or LaTeX Companion for explanation.
Type  H <return>  for immediate help.
 ...                                              
                                                  
l.111 		\item K
               eep air conditioner compressor clean and free of debris, leav...
Try typing  <return>  to proceed.
If that doesn't work, type  X <return>  to quit.


/home/saeed-mirshekari/gitProjects/latex-to-pdf/latex_templates/lease.tex:111: LaTeX Error: Something's wrong--perhaps a missing \item.

See the LaTeX manual or LaTeX Companion for explanation.
Type  H <return>  for immediate help.
 ...                                              
                                                  
l.111 		\item K
               eep air conditioner compressor clean and free of debris, leav...
Try typing  <return>  to proceed.
If that doesn't work, type  X <return>  to quit.


/home/saeed-mirshekari/gitProjects/latex-to-pdf/latex_templates/lease.tex:111: LaTeX Error: Something's wrong--perhaps a missing \item.

See the LaTeX manual or LaTeX Companion for explanation.
Type  H <return>  for immediate help.
 ...                                              
                                                  
l.111 		\item K
               eep air conditioner compressor clean and free of debris, leav...
Try typing  <return>  to proceed.
If that doesn't work, type  X <return>  to quit.


/home/saeed-mirshekari/gitProjects/latex-to-pdf/latex_templates/lease.tex:112: LaTeX Error: Something's wrong--perhaps a missing \item.

See the LaTeX manual or LaTeX Companion for explanation.
Type  H <return>  for immediate help.
 ...                                              
                                                  
l.112 		\item K
               eep garbage, trash, waste and debris in proper containers and...
Try typing  <return>  to proceed.
If that doesn't work, type  X <return>  to quit.


/home/saeed-mirshekari/gitProjects/latex-to-pdf/latex_templates/lease.tex:112: LaTeX Error: Something's wrong--perhaps a missing \item.

See the LaTeX manual or LaTeX Companion for explanation.
Type  H <return>  for immediate help.
 ...                                              
                                                  
l.112 		\item K
               eep garbage, trash, waste and debris in proper containers and...
Try typing  <return>  to proceed.
If that doesn't work, type  X <return>  to quit.


/home/saeed-mirshekari/gitProjects/latex-to-pdf/latex_templates/lease.tex:112: LaTeX Error: Something's wrong--perhaps a missing \item.

See the LaTeX manual or LaTeX Companion for explanation.
Type  H <return>  for immediate help.
 ...                                              
                                                  
l.112 		\item K
               eep garbage, trash, waste and debris in proper containers and...
Try typing  <return>  to proceed.
If that doesn't work, type  X <return>  to quit.


/home/saeed-mirshekari/gitProjects/latex-to-pdf/latex_templates/lease.tex:113: LaTeX Error: Something's wrong--perhaps a missing \item.

See the LaTeX manual or LaTeX Companion for explanation.
Type  H <return>  for immediate help.
 ...                                              
                                                  
l.113 		\item C
               omply fully with subdivision/condominium rules and regulation...
Try typing  <return>  to proceed.
If that doesn't work, type  X <return>  to quit.


/home/saeed-mirshekari/gitProjects/latex-to-pdf/latex_templates/lease.tex:113: LaTeX Error: Something's wrong--perhaps a missing \item.

See the LaTeX manual or LaTeX Companion for explanation.
Type  H <return>  for immediate help.
 ...                                              
                                                  
l.113 		\item C
               omply fully with subdivision/condominium rules and regulation...
Try typing  <return>  to proceed.
If that doesn't work, type  X <return>  to quit.


/home/saeed-mirshekari/gitProjects/latex-to-pdf/latex_templates/lease.tex:113: LaTeX Error: Something's wrong--perhaps a missing \item.

See the LaTeX manual or LaTeX Companion for explanation.
Type  H <return>  for immediate help.
 ...                                              
                                                  
l.113 		\item C
               omply fully with subdivision/condominium rules and regulation...
Try typing  <return>  to proceed.
If that doesn't work, type  X <return>  to quit.


/home/saeed-mirshekari/gitProjects/latex-to-pdf/latex_templates/lease.tex:118: LaTeX Error: Something's wrong--perhaps a missing \item.

See the LaTeX manual or LaTeX Companion for explanation.
Type  H <return>  for immediate help.
 ...                                              
                                                  
l.118 			\item K
                eep sidewalks and driveways free from snow, ice and anything...
Try typing  <return>  to proceed.
If that doesn't work, type  X <return>  to quit.

File: logo.png Graphic file (type png)
<use logo.png>
Package pdftex.def Info: logo.png  used on input line 118.
(pdftex.def)             Requested size: 35.23018pt x 35.22673pt.

LaTeX Warning: Reference `LastPage' on page 3 undefined on input line 118.

[3]
File: logo.png Graphic file (type png)
<use logo.png>
Package pdftex.def Info: logo.png  used on input line 139.
(pdftex.def)             Requested size: 35.23018pt x 35.22673pt.


LaTeX Warning: Reference `LastPage' on page 4 undefined on input line 139.

[4]
/home/saeed-mirshekari/gitProjects/latex-to-pdf/latex_templates/lease.tex:145: Undefined control sequence.
\PenaltyFine ->\num 
                    {25.00}
l.145 ...PENALTY FEE" OF \SmallBox{\$\PenaltyFine}
                                                   PER ITEM/EVENT IN ADDITIO...
The control sequence at the end of the top line
of your error message was never \def'ed. If you have
misspelled it (e.g., `\hobx'), type `I' and the correct
spelling (e.g., `I\hbox'). Otherwise just continue,
and I'll forget about whatever was undefined.

/home/saeed-mirshekari/gitProjects/latex-to-pdf/latex_templates/lease.tex:145: Undefined control sequence.
\PenaltyFine ->\num 
                    {25.00}
l.145 ...PENALTY FEE" OF \SmallBox{\$\PenaltyFine}
                                                   PER ITEM/EVENT IN ADDITIO...
The control sequence at the end of the top line
of your error message was never \def'ed. If you have
misspelled it (e.g., `\hobx'), type `I' and the correct
spelling (e.g., `I\hbox'). Otherwise just continue,
and I'll forget about whatever was undefined.

File: logo.png Graphic file (type png)
<use logo.png>
Package pdftex.def Info: logo.png  used on input line 160.
(pdftex.def)             Requested size: 35.23018pt x 35.22673pt.

LaTeX Warning: Reference `LastPage' on page 5 undefined on input line 160.

[5]
File: logo.png Graphic file (type png)
<use logo.png>
Package pdftex.def Info: logo.png  used on input line 169.
(pdftex.def)             Requested size: 35.23018pt x 35.22673pt.


LaTeX Warning: Reference `LastPage' on page 6 undefined on input line 169.

[6]
File: logo.png Graphic file (type png)
<use logo.png>
Package pdftex.def Info: logo.png  used on input line 192.
(pdftex.def)             Requested size: 35.23018pt x 35.22673pt.


LaTeX Warning: Reference `LastPage' on page 7 undefined on input line 192.

[7] 
enddocument/afterlastpage: lastpage setting LastPage.
(%OUTDIR%/lease.aux)
 ***********
LaTeX2e <2023-11-01> patch level 1
L3 programming layer <2024-01-22>
 ***********


LaTeX Warning: There were undefined references.


LaTeX Warning: Label(s) may have changed. Rerun to get cross-references right.


Package rerunfilecheck Warning: File `lease.out' has changed.
(rerunfilecheck)                Rerun to get outlines right
(rerunfilecheck)                or use package `bookmark'.

Package rerunfilecheck Info: Checksums for `lease.out':
(rerunfilecheck)             Before: <no file>
(rerunfilecheck)             After:  F88DBB362678C170B05D12071AE3875C;3223.

Package lastpage Warning: Rerun to get the references right on input line 192.

 ) 
Here is how much of TeX's memory you used:
 10287 strings out of 475580
 158776 string characters out of 5782560
 1949975 words of memory out of 5000000
 32280 multiletter control sequences out of 15000+600000
 562020 words of font info for 49 fonts, out of 8000000 for 9000
 309 hyphenation exceptions out of 8191
 70i,19n,79p,1735b,611s stack positions out of 10000i,1000n,20000p,200000b,200000s
</usr/share/texlive/texmf-dist/fonts/type1/public/amsfonts/cm/cmbx10.pfb></usr/share/texlive/texmf-dist/fonts/type1/public/amsfonts/cm/cmbx12.pfb></usr/share/texlive/texmf-dist/fonts/type1/public/amsfonts/cm/cmbx8.pfb></usr/share/texlive/texmf-dist/fonts/type1/public/amsfonts/cm/cmr10.pfb></usr/share/texlive/texmf-dist/fonts/type1/public/amsfonts/cm/cmr7.pfb></usr/share/texlive/texmf-dist/fonts/type1/public/amsfonts/cm/cmr8.pfb></usr/share/texlive/texmf-dist/fonts/type1/public/amsfonts/cm/cmss8.pfb></usr/share/texlive/texmf-dist/fonts/type1/public/amsfonts/cm/cmsy8.pfb>
Output written on %OUTDIR%/lease.pdf (7 pages, 143458 bytes).
PDF statistics:
 183 PDF objects out of 1000 (max. 8388607)
 154 compressed objects within 2 object streams
 58 named destinations out of 1000 (max. 500000)
 6 words of extra memory for PDF output out of 10000 (max. 10000000)

